<?xml version="1.0" encoding="UTF-8"?>
<testng-results skipped="0" failed="0" total="2" passed="2">
  <reporter-output>
  </reporter-output>
  <suite name="Default suite" duration-ms="10054" started-at="2020-05-27T18:06:06Z" finished-at="2020-05-27T18:06:16Z">
    <groups>
    </groups>
    <test name="Default test" duration-ms="10054" started-at="2020-05-27T18:06:06Z" finished-at="2020-05-27T18:06:16Z">
      <class name="com.allure.reports.AllureDemo">
        <test-method status="PASS" signature="setUp()[pri:0, instance:com.allure.reports.AllureDemo@6a396c1e]" name="setUp" is-config="true" duration-ms="8794" started-at="2020-05-27T23:36:06Z" finished-at="2020-05-27T23:36:15Z">
          <reporter-output>
          </reporter-output>
        </test-method> <!-- setUp -->
        <test-method status="PASS" signature="validateSignInLink()[pri:0, instance:com.allure.reports.AllureDemo@6a396c1e]" name="validateSignInLink" duration-ms="256" started-at="2020-05-27T23:36:15Z" finished-at="2020-05-27T23:36:15Z">
          <reporter-output>
          </reporter-output>
        </test-method> <!-- validateSignInLink -->
        <test-method status="PASS" signature="validateTitle()[pri:0, instance:com.allure.reports.AllureDemo@6a396c1e]" name="validateTitle" duration-ms="191" started-at="2020-05-27T23:36:15Z" description="This test case helps me validiting the title of the page" finished-at="2020-05-27T23:36:15Z">
          <reporter-output>
          </reporter-output>
        </test-method> <!-- validateTitle -->
        <test-method status="PASS" signature="tearDown()[pri:0, instance:com.allure.reports.AllureDemo@6a396c1e]" name="tearDown" is-config="true" duration-ms="663" started-at="2020-05-27T23:36:15Z" finished-at="2020-05-27T23:36:16Z">
          <reporter-output>
          </reporter-output>
        </test-method> <!-- tearDown -->
      </class> <!-- com.allure.reports.AllureDemo -->
    </test> <!-- Default test -->
  </suite> <!-- Default suite -->
</testng-results>
