<?xml version="1.0" encoding="UTF-8"?>
<!-- Generated by org.testng.reporters.JUnitXMLReporter -->
<testsuite hostname="ViMS-PC" name="Default test" tests="5" failures="0" timestamp="3 May 2020 14:16:34 GMT" time="0.032" errors="0">
  <testcase name="logininvalid" time="0.005" classname="Basic.NewTest"/>
  <testcase name="loginpwdCheck" time="0.0" classname="Basic.NewTest"/>
  <testcase name="loginvalid" time="0.001" classname="Basic.NewTest"/>
  <testcase name="logininvalid" time="0.0" classname="Basic.redifflogin"/>
  <testcase name="loginvalid" time="0.001" classname="Basic.redifflogin"/>
</testsuite> <!-- Default test -->
